--------------- Clean Started: 03/11/2014 15:52:34 Project: PSoC 4 Pioneer Modbus Slave, Configuration: ARM GCC 4.7.3 Debug ---------------
Deleting file ".\CortexM0\ARM_GCC_473\Debug\main.o"
Deleting file ".\CortexM0\ARM_GCC_473\Debug\interrupts.o"
Deleting file ".\CortexM0\ARM_GCC_473\Debug\cyfitter_cfg.o"
Deleting file ".\CortexM0\ARM_GCC_473\Debug\cymetadata.o"
Deleting file ".\CortexM0\ARM_GCC_473\Debug\Cm0Start.o"
Deleting file ".\CortexM0\ARM_GCC_473\Debug\CyBootAsmGnu.o"
Deleting file ".\CortexM0\ARM_GCC_473\Debug\CyFlash.o"
Deleting file ".\CortexM0\ARM_GCC_473\Debug\CyLib.o"
Deleting file ".\CortexM0\ARM_GCC_473\Debug\cyPm.o"
Deleting file ".\CortexM0\ARM_GCC_473\Debug\cyutils.o"
Deleting file ".\CortexM0\ARM_GCC_473\Debug\TX_LED.o"
Deleting file ".\CortexM0\ARM_GCC_473\Debug\RX_LED.o"
Deleting file ".\CortexM0\ARM_GCC_473\Debug\MessageTimer.o"
Deleting file ".\CortexM0\ARM_GCC_473\Debug\MessageTimer_PM.o"
Deleting file ".\CortexM0\ARM_GCC_473\Debug\ModbusUART.o"
Deleting file ".\CortexM0\ARM_GCC_473\Debug\ModbusUART_SPI_UART.o"
Deleting file ".\CortexM0\ARM_GCC_473\Debug\ModbusUART_SPI_UART_INT.o"
Deleting file ".\CortexM0\ARM_GCC_473\Debug\ModbusUART_PM.o"
Deleting file ".\CortexM0\ARM_GCC_473\Debug\ModbusUART_UART.o"
Deleting file ".\CortexM0\ARM_GCC_473\Debug\ModbusUART_BOOT.o"
Deleting file ".\CortexM0\ARM_GCC_473\Debug\ModbusUART_UART_BOOT.o"
Deleting file ".\CortexM0\ARM_GCC_473\Debug\ModbusUART_rx.o"
Deleting file ".\CortexM0\ARM_GCC_473\Debug\ModbusUART_SCBCLK.o"
Deleting file ".\CortexM0\ARM_GCC_473\Debug\ModbusUART_tx.o"
Deleting file ".\CortexM0\ARM_GCC_473\Debug\MessageTimerClock.o"
Deleting file ".\CortexM0\ARM_GCC_473\Debug\P0_2_LED.o"
Deleting file ".\CortexM0\ARM_GCC_473\Debug\MessageReceived.o"
Deleting file ".\CortexM0\ARM_GCC_473\Debug\EndOfMessage.o"
Deleting file ".\CortexM0\ARM_GCC_473\Debug\lineDriver.o"
Deleting file ".\CortexM0\ARM_GCC_473\Debug\TimerPin.o"
Deleting file ".\CortexM0\ARM_GCC_473\Debug\PSoC 4 Pioneer Modbus Slave.hex"
Deleting file ".\CortexM0\ARM_GCC_473\Debug\PSoC 4 Pioneer Modbus Slave.elf"
Deleting file ".\CortexM0\ARM_GCC_473\Debug\PSoC 4 Pioneer Modbus Slave.map"
Deleting file ".\PSoC 4 Pioneer Modbus Slave.cycdx"
Deleting file ".\PSoC 4 Pioneer Modbus Slave.svd"
Deleting file ".\PSoC 4 Pioneer Modbus Slave.rpt"
Deleting file ".\PSoC 4 Pioneer Modbus Slave_timing.html"
Deleting file ".\CortexM0\ARM_GCC_473\Debug\.deps\C_FILE.P"
Deleting file ".\CortexM0\ARM_GCC_473\Debug\.deps\ARM_C_FILE.P"
Deleting file ".\CortexM0\ARM_GCC_473\Debug\.deps\GNU_ARM_ASM_FILE.P"
--------------- Clean Succeeded: 03/11/2014 15:52:34 ---------------
